-------------------------------------------------------------------------------
Test set: com.example.demo.SpringFridgetrackerApplicationTests
-------------------------------------------------------------------------------
Tests run: 1, Failures: 0, Errors: 1, Skipped: 0, Time elapsed: 1.895 s <<< FAILURE! - in com.example.demo.SpringFridgetrackerApplicationTests
initializationError(com.example.demo.SpringFridgetrackerApplicationTests)  Time elapsed: 0.06 s  <<< ERROR!
java.lang.IllegalStateException: Unable to find a @SpringBootConfiguration, you need to use @ContextConfiguration or @SpringBootTest(classes=...) with your test

